#
# There is insufficient memory for the Java Runtime Environment to continue.
# Native memory allocation (mmap) failed to map 125829120 bytes for G1 virtual space
# Possible reasons:
#   The system is out of physical RAM or swap space
#   The process is running with CompressedOops enabled, and the Java Heap may be blocking the growth of the native heap
# Possible solutions:
#   Reduce memory load on the system
#   Increase physical memory or swap space
#   Check if swap backing store is full
#   Decrease Java heap size (-Xmx/-Xms)
#   Decrease number of Java threads
#   Decrease Java thread stack sizes (-Xss)
#   Set larger code cache with -XX:ReservedCodeCacheSize=
#   JVM is running with Unscaled Compressed Oops mode in which the Java heap is
#     placed in the first 4GB address space. The Java Heap base address is the
#     maximum limit for the native heap growth. Please use -XX:HeapBaseMinAddress
#     to set the Java Heap base and to place the Java Heap above 4GB virtual address.
# This output file may be truncated or incomplete.
#
#  Out of Memory Error (os_windows.cpp:3530), pid=952, tid=28908
#
# JRE version:  (18.0.2+9) (build )
# Java VM: Java HotSpot(TM) 64-Bit Server VM (18.0.2+9-61, mixed mode, sharing, tiered, compressed oops, compressed class ptrs, g1 gc, windows-amd64)
# No core dump will be written. Minidumps are not enabled by default on client versions of Windows
#

---------------  S U M M A R Y ------------

Command Line: -Dfile.encoding=UTF-8 --module-path=C:\Users\ramme\eclipse-workspace\FeeManagementConsole\bin -XX:+ShowCodeDetailsInExceptionMessages -Djdk.module.main=FeeManagementConsole FeeManagementConsole/FeeManagment.Main

Host: AMD Ryzen 5 4500U with Radeon Graphics         , 6 cores, 7G,  Windows 11 , 64 bit Build 22621 (10.0.22621.3085)
Time: Tue Feb 27 15:07:36 2024 India Standard Time elapsed time: 0.013862 seconds (0d 0h 0m 0s)

---------------  T H R E A D  ---------------

Current thread (0x000002bad3290d80):  JavaThread "Unknown thread" [_thread_in_vm, id=28908, stack(0x000000f895500000,0x000000f895600000)]

Stack: [0x000000f895500000,0x000000f895600000]
Native frames: (J=compiled Java code, j=interpreted, Vv=VM code, C=native code)
V  [jvm.dll+0x6993ca]
V  [jvm.dll+0x7f481d]
V  [jvm.dll+0x7f612e]
V  [jvm.dll+0x7f67e3]
V  [jvm.dll+0x25cdaf]
V  [jvm.dll+0x696319]
V  [jvm.dll+0x68ae4a]
V  [jvm.dll+0x3223eb]
V  [jvm.dll+0x329dc6]
V  [jvm.dll+0x37eade]
V  [jvm.dll+0x37ed0f]
V  [jvm.dll+0x2fa16a]
V  [jvm.dll+0x2fb1cd]
V  [jvm.dll+0x7c3450]
V  [jvm.dll+0x38be61]
V  [jvm.dll+0x7a2073]
V  [jvm.dll+0x40dc3f]
V  [jvm.dll+0x40f611]
C  [jli.dll+0x526b]
C  [ucrtbase.dll+0x29363]
C  [KERNEL32.DLL+0x1257d]
C  [ntdll.dll+0x5aa58]


---------------  P R O C E S S  ---------------

Threads class SMR info:
_java_thread_list=0x00007ffa49dce550, length=0, elements={
}

Java Threads: ( => current thread )

Other Threads:
  0x000002bad32edb60 WorkerThread "GC Thread#0" [stack: 0x000000f895600000,0x000000f895700000] [id=27792]
  0x000002bad32fd790 ConcurrentGCThread "G1 Main Marker" [stack: 0x000000f895700000,0x000000f895800000] [id=32104]
  0x000002bad32fe920 WorkerThread "G1 Conc#0" [stack: 0x000000f895800000,0x000000f895900000] [id=12572]

[error occurred during error reporting (printing all threads), id 0xc0000005, EXCEPTION_ACCESS_VIOLATION (0xc0000005) at pc=0x00007ffa495fa707]

VM state: not at safepoint (not fully initialized)

VM Mutex/Monitor currently owned by a thread:  ([mutex/lock_event])
[0x000002bad328ddd0] Heap_lock - owner thread: 0x000002bad3290d80

Heap address: 0x0000000089800000, size: 1896 MB, Compressed Oops mode: 32-bit

CDS archive(s) mapped at: [0x0000000000000000-0x0000000000000000-0x0000000000000000), size 0, SharedBaseAddress: 0x0000000800000000, ArchiveRelocationMode: 0.
Narrow klass base: 0x0000000000000000, Narrow klass shift: 0, Narrow klass range: 0x0

GC Precious Log:
 CardTable entry size: 512
 Card Set container configuration: InlinePtr #cards 5 size 8 Array Of Cards #cards 12 size 40 Howl #buckets 4 coarsen threshold 1843 Howl Bitmap #cards 512 size 80 coarsen threshold 460 Card regions per heap region 1 cards per card region 2048

Heap:
 garbage-first heap   total 0K, used 0K [0x0000000089800000, 0x0000000100000000)
  region size 1024K, 0 young (0K), 0 survivors (0K)

[error occurred during error reporting (printing heap information), id 0xc0000005, EXCEPTION_ACCESS_VIOLATION (0xc0000005) at pc=0x00007ffa499e1859]

GC Heap History (0 events):
No events

Deoptimization events (0 events):
No events

Classes loaded (0 events):
No events

Classes unloaded (0 events):
No events

Classes redefined (0 events):
No events

Internal exceptions (0 events):
No events

VM Operations (0 events):
No events

Events (1 events):
Event: 0.009 Loaded shared library C:\Program Files\Java\jdk-18.0.2\bin\java.dll


Dynamic libraries:
0x00007ff6964c0000 - 0x00007ff6964d0000 	C:\Program Files\Java\jdk-18.0.2\bin\javaw.exe
0x00007ffa91ad0000 - 0x00007ffa91ce7000 	C:\WINDOWS\SYSTEM32\ntdll.dll
0x00007ffa90db0000 - 0x00007ffa90e74000 	C:\WINDOWS\System32\KERNEL32.DLL
0x00007ffa8f2d0000 - 0x00007ffa8f676000 	C:\WINDOWS\System32\KERNELBASE.dll
0x00007ffa8ee10000 - 0x00007ffa8ef21000 	C:\WINDOWS\System32\ucrtbase.dll
0x00007ffa87a40000 - 0x00007ffa87a5a000 	C:\Program Files\Java\jdk-18.0.2\bin\VCRUNTIME140.dll
0x00007ffa89b50000 - 0x00007ffa89b68000 	C:\Program Files\Java\jdk-18.0.2\bin\jli.dll
0x00007ffa90ec0000 - 0x00007ffa90f73000 	C:\WINDOWS\System32\ADVAPI32.dll
0x00007ffa91980000 - 0x00007ffa91a27000 	C:\WINDOWS\System32\msvcrt.dll
0x00007ffa912b0000 - 0x00007ffa91358000 	C:\WINDOWS\System32\sechost.dll
0x00007ffa8f230000 - 0x00007ffa8f258000 	C:\WINDOWS\System32\bcrypt.dll
0x00007ffa8f850000 - 0x00007ffa8f967000 	C:\WINDOWS\System32\RPCRT4.dll
0x00007ffa90f80000 - 0x00007ffa9112e000 	C:\WINDOWS\System32\USER32.dll
0x00007ffa8f200000 - 0x00007ffa8f226000 	C:\WINDOWS\System32\win32u.dll
0x00007ffa776a0000 - 0x00007ffa77933000 	C:\WINDOWS\WinSxS\amd64_microsoft.windows.common-controls_6595b64144ccf1df_6.0.22621.2506_none_270c5ae97388e100\COMCTL32.dll
0x00007ffa8f820000 - 0x00007ffa8f849000 	C:\WINDOWS\System32\GDI32.dll
0x00007ffa8f680000 - 0x00007ffa8f798000 	C:\WINDOWS\System32\gdi32full.dll
0x00007ffa8f160000 - 0x00007ffa8f1fa000 	C:\WINDOWS\System32\msvcp_win.dll
0x00007ffa85e70000 - 0x00007ffa85e7a000 	C:\WINDOWS\SYSTEM32\VERSION.dll
0x00007ffa90e80000 - 0x00007ffa90eb1000 	C:\WINDOWS\System32\IMM32.DLL
0x00007ffa89170000 - 0x00007ffa8917c000 	C:\Program Files\Java\jdk-18.0.2\bin\vcruntime140_1.dll
0x00007ffa83a80000 - 0x00007ffa83b0d000 	C:\Program Files\Java\jdk-18.0.2\bin\msvcp140.dll
0x00007ffa492f0000 - 0x00007ffa49f01000 	C:\Program Files\Java\jdk-18.0.2\bin\server\jvm.dll
0x00007ffa90da0000 - 0x00007ffa90da8000 	C:\WINDOWS\System32\PSAPI.DLL
0x00007ffa886c0000 - 0x00007ffa886f4000 	C:\WINDOWS\SYSTEM32\WINMM.dll
0x00007ffa7f730000 - 0x00007ffa7f739000 	C:\WINDOWS\SYSTEM32\WSOCK32.dll
0x00007ffa90150000 - 0x00007ffa901c1000 	C:\WINDOWS\System32\WS2_32.dll
0x00007ffa8de50000 - 0x00007ffa8de68000 	C:\WINDOWS\SYSTEM32\kernel.appcore.dll
0x00007ffa89150000 - 0x00007ffa8915a000 	C:\Program Files\Java\jdk-18.0.2\bin\jimage.dll
0x00007ffa86f50000 - 0x00007ffa87183000 	C:\WINDOWS\SYSTEM32\DBGHELP.DLL
0x00007ffa91360000 - 0x00007ffa916e9000 	C:\WINDOWS\System32\combase.dll
0x00007ffa918a0000 - 0x00007ffa91977000 	C:\WINDOWS\System32\OLEAUT32.dll
0x00007ffa86eb0000 - 0x00007ffa86ee2000 	C:\WINDOWS\SYSTEM32\dbgcore.DLL
0x00007ffa8f7a0000 - 0x00007ffa8f81a000 	C:\WINDOWS\System32\bcryptPrimitives.dll
0x00007ffa83470000 - 0x00007ffa83495000 	C:\Program Files\Java\jdk-18.0.2\bin\java.dll

dbghelp: loaded successfully - version: 4.0.5 - missing functions: none
symbol engine: initialized successfully - sym options: 0x614 - pdb path: .;C:\Program Files\Java\jdk-18.0.2\bin;C:\WINDOWS\SYSTEM32;C:\WINDOWS\WinSxS\amd64_microsoft.windows.common-controls_6595b64144ccf1df_6.0.22621.2506_none_270c5ae97388e100;C:\Program Files\Java\jdk-18.0.2\bin\server

VM Arguments:
jvm_args: -Dfile.encoding=UTF-8 --module-path=C:\Users\ramme\eclipse-workspace\FeeManagementConsole\bin -XX:+ShowCodeDetailsInExceptionMessages -Djdk.module.main=FeeManagementConsole 
java_command: FeeManagementConsole/FeeManagment.Main
java_class_path (initial): C:\Users\ramme\Downloads\mysql-connector-j-8.0.32\mysql-connector-j-8.0.32\mysql-connector-j-8.0.32.jar
Launcher Type: SUN_STANDARD

[Global flags]
     intx CICompilerCount                          = 3                                         {product} {ergonomic}
     uint ConcGCThreads                            = 2                                         {product} {ergonomic}
     uint G1ConcRefinementThreads                  = 6                                         {product} {ergonomic}
   size_t G1HeapRegionSize                         = 1048576                                   {product} {ergonomic}
    uintx GCDrainStackTargetSize                   = 64                                        {product} {ergonomic}
   size_t InitialHeapSize                          = 125829120                                 {product} {ergonomic}
   size_t MarkStackSize                            = 4194304                                   {product} {ergonomic}
   size_t MaxHeapSize                              = 1988100096                                {product} {ergonomic}
   size_t MinHeapDeltaBytes                        = 1048576                                   {product} {ergonomic}
   size_t MinHeapSize                              = 8388608                                   {product} {ergonomic}
    uintx NonNMethodCodeHeapSize                   = 5832780                                {pd product} {ergonomic}
    uintx NonProfiledCodeHeapSize                  = 122912730                              {pd product} {ergonomic}
    uintx ProfiledCodeHeapSize                     = 122912730                              {pd product} {ergonomic}
    uintx ReservedCodeCacheSize                    = 251658240                              {pd product} {ergonomic}
     bool SegmentedCodeCache                       = true                                      {product} {ergonomic}
     bool ShowCodeDetailsInExceptionMessages       = true                                   {manageable} {command line}
   size_t SoftMaxHeapSize                          = 1988100096                             {manageable} {ergonomic}
     bool UseCompressedClassPointers               = true                           {product lp64_product} {ergonomic}
     bool UseCompressedOops                        = true                           {product lp64_product} {ergonomic}
     bool UseG1GC                                  = true                                      {product} {ergonomic}
     bool UseLargePagesIndividualAllocation        = false                                  {pd product} {ergonomic}

Logging:
Log output configuration:
 #0: stdout all=warning uptime,level,tags foldmultilines=false
 #1: stderr all=off uptime,level,tags foldmultilines=false

Environment Variables:
JAVA_HOME=C:\Program Files\Java\jdk-18.0.2
PATH=C:\Program Files\Common Files\Oracle\Java\javapath;C:\WINDOWS\system32;C:\WINDOWS;C:\WINDOWS\System32\Wbem;C:\WINDOWS\System32\WindowsPowerShell\v1.0\;C:\WINDOWS\System32\OpenSSH\;C:\Program Files\Java\jdk-18.0.2\bin;C:\mongosh-1.7.1\bin;C:\Program Files\MongoDB\Server\6.0\bin;C:\Program Files\MySQL\MySQL Server 8.0\bin;C:\Program Files\Git\cmd;C:\Program Files\nodejs\;C:\Program Files\MySQL\MySQL Shell 8.0\bin\;C:\Users\ramme\Scripts\;C:\Users\ramme\;C:\Users\ramme\AppData\Local\Microsoft\WindowsApps;;C:\Users\ramme\AppData\Local\Programs\Microsoft VS Code\bin;C:\Program Files\JetBrains\PyCharm Community Edition 2023.2.3\bin;;C:\Users\ramme\AppData\Roaming\npm
USERNAME=shevi
OS=Windows_NT
PROCESSOR_IDENTIFIER=AMD64 Family 23 Model 96 Stepping 1, AuthenticAMD



---------------  S Y S T E M  ---------------

OS:
 Windows 11 , 64 bit Build 22621 (10.0.22621.3085)
OS uptime: 8 days 2:43 hours

CPU: total 6 (initial active 6) (6 cores per cpu, 1 threads per core) family 23 model 96 stepping 1 microcode 0x0, cx8, cmov, fxsr, mmx, 3dnowpref, sse, sse2, sse3, ssse3, sse4a, sse4.1, sse4.2, popcnt, lzcnt, tsc, tscinvbit, avx, avx2, aes, clmul, bmi1, bmi2, adx, sha, fma, vzeroupper, clflush, clflushopt

Memory: 4k page, system-wide physical 7579M (814M free)
TotalPageFile size 31131M (AvailPageFile size 108M)
current process WorkingSet (physical memory assigned to process): 11M, peak: 11M
current process commit charge ("private bytes"): 56M, peak: 176M

vm_info: Java HotSpot(TM) 64-Bit Server VM (18.0.2+9-61) for windows-amd64 JRE (18.0.2+9-61), built on Jun  7 2022 13:09:01 by "mach5one" with MS VC++ 16.8 / 16.9 (VS2019)

END.
