#
# There is insufficient memory for the Java Runtime Environment to continue.
# Native memory allocation (malloc) failed to allocate 307136 bytes for Chunk::new
# Possible reasons:
#   The system is out of physical RAM or swap space
#   The process is running with CompressedOops enabled, and the Java Heap may be blocking the growth of the native heap
# Possible solutions:
#   Reduce memory load on the system
#   Increase physical memory or swap space
#   Check if swap backing store is full
#   Decrease Java heap size (-Xmx/-Xms)
#   Decrease number of Java threads
#   Decrease Java thread stack sizes (-Xss)
#   Set larger code cache with -XX:ReservedCodeCacheSize=
#   JVM is running with Unscaled Compressed Oops mode in which the Java heap is
#     placed in the first 4GB address space. The Java Heap base address is the
#     maximum limit for the native heap growth. Please use -XX:HeapBaseMinAddress
#     to set the Java Heap base and to place the Java Heap above 4GB virtual address.
# This output file may be truncated or incomplete.
#
#  Out of Memory Error (arena.cpp:184), pid=27108, tid=30900
#
# JRE version: Java(TM) SE Runtime Environment (18.0.2+9) (build 18.0.2+9-61)
# Java VM: Java HotSpot(TM) 64-Bit Server VM (18.0.2+9-61, mixed mode, sharing, tiered, compressed oops, compressed class ptrs, g1 gc, windows-amd64)
# No core dump will be written. Minidumps are not enabled by default on client versions of Windows
#

---------------  S U M M A R Y ------------

Command Line: -Dfile.encoding=UTF-8 --module-path=C:\Users\ramme\eclipse-workspace\FeeManagementConsole\bin -XX:+ShowCodeDetailsInExceptionMessages -Djdk.module.main=FeeManagementConsole FeeManagementConsole/FeeManagment.Main

Host: AMD Ryzen 5 4500U with Radeon Graphics         , 6 cores, 7G,  Windows 11 , 64 bit Build 22621 (10.0.22621.3085)
Time: Tue Feb 27 15:08:36 2024 India Standard Time elapsed time: 17.927099 seconds (0d 0h 0m 17s)

---------------  T H R E A D  ---------------

Current thread (0x000002762802ccf0):  JavaThread "C2 CompilerThread0" daemon [_thread_in_native, id=30900, stack(0x0000009ecf700000,0x0000009ecf800000)]


Current CompileTask:
C2:  17927 1053       4       java.util.regex.Matcher::search (154 bytes)

Stack: [0x0000009ecf700000,0x0000009ecf800000]
Native frames: (J=compiled Java code, j=interpreted, Vv=VM code, C=native code)
V  [jvm.dll+0x6993ca]
V  [jvm.dll+0x7f481d]
V  [jvm.dll+0x7f612e]
V  [jvm.dll+0x7f67e3]
V  [jvm.dll+0x25cdaf]
V  [jvm.dll+0xb8c2f]
V  [jvm.dll+0xb8fa5]
V  [jvm.dll+0x3860cb]
V  [jvm.dll+0x34fd01]
V  [jvm.dll+0x34f19a]
V  [jvm.dll+0x22ff51]
V  [jvm.dll+0x22f321]
V  [jvm.dll+0x1ba01c]
V  [jvm.dll+0x23ec9a]
V  [jvm.dll+0x23cf85]
V  [jvm.dll+0x7a6e21]
V  [jvm.dll+0x7a125a]
V  [jvm.dll+0x698275]
C  [ucrtbase.dll+0x29363]
C  [KERNEL32.DLL+0x1257d]
C  [ntdll.dll+0x5aa58]


---------------  P R O C E S S  ---------------

Threads class SMR info:
_java_thread_list=0x000002762c6ffd40, length=14, elements={
0x00000276087f0d80, 0x000002762800c9c0, 0x000002762800ddc0, 0x00000276280285d0,
0x0000027628028e80, 0x0000027628029fc0, 0x000002762802a960, 0x000002762802ccf0,
0x0000027628033290, 0x000002762803a340, 0x000002762c46d060, 0x000002762c5145a0,
0x000002762c51a870, 0x000002762c707e90
}

Java Threads: ( => current thread )
  0x00000276087f0d80 JavaThread "main" [_thread_in_vm, id=25580, stack(0x0000009ecea00000,0x0000009eceb00000)]
  0x000002762800c9c0 JavaThread "Reference Handler" daemon [_thread_blocked, id=8980, stack(0x0000009ecf100000,0x0000009ecf200000)]
  0x000002762800ddc0 JavaThread "Finalizer" daemon [_thread_blocked, id=1548, stack(0x0000009ecf200000,0x0000009ecf300000)]
  0x00000276280285d0 JavaThread "Signal Dispatcher" daemon [_thread_blocked, id=33244, stack(0x0000009ecf300000,0x0000009ecf400000)]
  0x0000027628028e80 JavaThread "Attach Listener" daemon [_thread_blocked, id=15880, stack(0x0000009ecf400000,0x0000009ecf500000)]
  0x0000027628029fc0 JavaThread "Service Thread" daemon [_thread_blocked, id=29064, stack(0x0000009ecf500000,0x0000009ecf600000)]
  0x000002762802a960 JavaThread "Monitor Deflation Thread" daemon [_thread_blocked, id=20820, stack(0x0000009ecf600000,0x0000009ecf700000)]
=>0x000002762802ccf0 JavaThread "C2 CompilerThread0" daemon [_thread_in_native, id=30900, stack(0x0000009ecf700000,0x0000009ecf800000)]
  0x0000027628033290 JavaThread "C1 CompilerThread0" daemon [_thread_in_native, id=13408, stack(0x0000009ecf800000,0x0000009ecf900000)]
  0x000002762803a340 JavaThread "Sweeper thread" daemon [_thread_blocked, id=23616, stack(0x0000009ecf900000,0x0000009ecfa00000)]
  0x000002762c46d060 JavaThread "Common-Cleaner" daemon [_thread_blocked, id=11360, stack(0x0000009ecfa00000,0x0000009ecfb00000)]
  0x000002762c5145a0 JavaThread "Notification Thread" daemon [_thread_blocked, id=32520, stack(0x0000009ecfb00000,0x0000009ecfc00000)]
  0x000002762c51a870 JavaThread "mysql-cj-abandoned-connection-cleanup" daemon [_thread_blocked, id=26552, stack(0x0000009ecfd00000,0x0000009ecfe00000)]
  0x000002762c707e90 JavaThread "C2 CompilerThread1" daemon [_thread_in_native, id=15432, stack(0x0000009ecfe00000,0x0000009ecff00000)]

Other Threads:
  0x0000027628009860 VMThread "VM Thread" [stack: 0x0000009ecf000000,0x0000009ecf100000] [id=25292]
  0x000002762c516a70 WatcherThread "VM Periodic Task Thread" [stack: 0x0000009ecfc00000,0x0000009ecfd00000] [id=10892]
  0x000002760884f070 WorkerThread "GC Thread#0" [stack: 0x0000009eceb00000,0x0000009ecec00000] [id=9396]
  0x000002760885eba0 ConcurrentGCThread "G1 Main Marker" [stack: 0x0000009ecec00000,0x0000009eced00000] [id=25300]
  0x000002760885fc30 WorkerThread "G1 Conc#0" [stack: 0x0000009eced00000,0x0000009ecee00000] [id=14848]
  0x00000276088a4050 ConcurrentGCThread "G1 Refine#0" [stack: 0x0000009ecee00000,0x0000009ecef00000] [id=22320]
  0x00000276088a5970 ConcurrentGCThread "G1 Service" [stack: 0x0000009ecef00000,0x0000009ecf000000] [id=30124]

Threads with active compile tasks:
C2 CompilerThread0    17943 1053       4       java.util.regex.Matcher::search (154 bytes)
C1 CompilerThread0    17943 1123       3       sun.security.ec.ECOperations::setDouble (559 bytes)
C2 CompilerThread1    17943 1118       4       sun.security.util.math.intpoly.IntegerPolynomial$MutableElement::setSum (84 bytes)

VM state: not at safepoint (normal execution)

VM Mutex/Monitor currently owned by a thread: None

Heap address: 0x0000000089800000, size: 1896 MB, Compressed Oops mode: 32-bit

CDS archive(s) mapped at: [0x0000000800000000-0x0000000800ba0000-0x0000000800ba0000), size 12189696, SharedBaseAddress: 0x0000000800000000, ArchiveRelocationMode: 0.
Compressed class space mapped at: 0x0000000800c00000-0x0000000840c00000, reserved size: 1073741824
Narrow klass base: 0x0000000800000000, Narrow klass shift: 0, Narrow klass range: 0x100000000

GC Precious Log:
 CardTable entry size: 512
 Card Set container configuration: InlinePtr #cards 5 size 8 Array Of Cards #cards 12 size 40 Howl #buckets 4 coarsen threshold 1843 Howl Bitmap #cards 512 size 80 coarsen threshold 460 Card regions per heap region 1 cards per card region 2048
 CPUs: 6 total, 6 available
 Memory: 7579M
 Large Page Support: Disabled
 NUMA Support: Disabled
 Compressed Oops: Enabled (32-bit)
 Heap Region Size: 1M
 Heap Min Capacity: 8M
 Heap Initial Capacity: 120M
 Heap Max Capacity: 1896M
 Pre-touch: Disabled
 Parallel Workers: 6
 Concurrent Workers: 2
 Concurrent Refinement Workers: 6
 Periodic GC: Disabled

Heap:
 garbage-first heap   total 122880K, used 13312K [0x0000000089800000, 0x0000000100000000)
  region size 1024K, 15 young (15360K), 0 survivors (0K)
 Metaspace       used 8626K, committed 8768K, reserved 1114112K
  class space    used 903K, committed 960K, reserved 1048576K

Heap Regions: E=young(eden), S=young(survivor), O=old, HS=humongous(starts), HC=humongous(continues), CS=collection set, F=free, OA=open archive, CA=closed archive, TAMS=top-at-mark-start (previous, next)
|   0|0x0000000089800000, 0x0000000089800000, 0x0000000089900000|  0%| F|  |TAMS 0x0000000089800000, 0x0000000089800000| Untracked 
|   1|0x0000000089900000, 0x0000000089900000, 0x0000000089a00000|  0%| F|  |TAMS 0x0000000089900000, 0x0000000089900000| Untracked 
|   2|0x0000000089a00000, 0x0000000089a00000, 0x0000000089b00000|  0%| F|  |TAMS 0x0000000089a00000, 0x0000000089a00000| Untracked 
|   3|0x0000000089b00000, 0x0000000089b00000, 0x0000000089c00000|  0%| F|  |TAMS 0x0000000089b00000, 0x0000000089b00000| Untracked 
|   4|0x0000000089c00000, 0x0000000089c00000, 0x0000000089d00000|  0%| F|  |TAMS 0x0000000089c00000, 0x0000000089c00000| Untracked 
|   5|0x0000000089d00000, 0x0000000089d00000, 0x0000000089e00000|  0%| F|  |TAMS 0x0000000089d00000, 0x0000000089d00000| Untracked 
|   6|0x0000000089e00000, 0x0000000089e00000, 0x0000000089f00000|  0%| F|  |TAMS 0x0000000089e00000, 0x0000000089e00000| Untracked 
|   7|0x0000000089f00000, 0x0000000089f00000, 0x000000008a000000|  0%| F|  |TAMS 0x0000000089f00000, 0x0000000089f00000| Untracked 
|   8|0x000000008a000000, 0x000000008a000000, 0x000000008a100000|  0%| F|  |TAMS 0x000000008a000000, 0x000000008a000000| Untracked 
|   9|0x000000008a100000, 0x000000008a100000, 0x000000008a200000|  0%| F|  |TAMS 0x000000008a100000, 0x000000008a100000| Untracked 
|  10|0x000000008a200000, 0x000000008a200000, 0x000000008a300000|  0%| F|  |TAMS 0x000000008a200000, 0x000000008a200000| Untracked 
|  11|0x000000008a300000, 0x000000008a300000, 0x000000008a400000|  0%| F|  |TAMS 0x000000008a300000, 0x000000008a300000| Untracked 
|  12|0x000000008a400000, 0x000000008a400000, 0x000000008a500000|  0%| F|  |TAMS 0x000000008a400000, 0x000000008a400000| Untracked 
|  13|0x000000008a500000, 0x000000008a500000, 0x000000008a600000|  0%| F|  |TAMS 0x000000008a500000, 0x000000008a500000| Untracked 
|  14|0x000000008a600000, 0x000000008a600000, 0x000000008a700000|  0%| F|  |TAMS 0x000000008a600000, 0x000000008a600000| Untracked 
|  15|0x000000008a700000, 0x000000008a700000, 0x000000008a800000|  0%| F|  |TAMS 0x000000008a700000, 0x000000008a700000| Untracked 
|  16|0x000000008a800000, 0x000000008a800000, 0x000000008a900000|  0%| F|  |TAMS 0x000000008a800000, 0x000000008a800000| Untracked 
|  17|0x000000008a900000, 0x000000008a900000, 0x000000008aa00000|  0%| F|  |TAMS 0x000000008a900000, 0x000000008a900000| Untracked 
|  18|0x000000008aa00000, 0x000000008aa00000, 0x000000008ab00000|  0%| F|  |TAMS 0x000000008aa00000, 0x000000008aa00000| Untracked 
|  19|0x000000008ab00000, 0x000000008ab00000, 0x000000008ac00000|  0%| F|  |TAMS 0x000000008ab00000, 0x000000008ab00000| Untracked 
|  20|0x000000008ac00000, 0x000000008ac00000, 0x000000008ad00000|  0%| F|  |TAMS 0x000000008ac00000, 0x000000008ac00000| Untracked 
|  21|0x000000008ad00000, 0x000000008ad00000, 0x000000008ae00000|  0%| F|  |TAMS 0x000000008ad00000, 0x000000008ad00000| Untracked 
|  22|0x000000008ae00000, 0x000000008ae00000, 0x000000008af00000|  0%| F|  |TAMS 0x000000008ae00000, 0x000000008ae00000| Untracked 
|  23|0x000000008af00000, 0x000000008af00000, 0x000000008b000000|  0%| F|  |TAMS 0x000000008af00000, 0x000000008af00000| Untracked 
|  24|0x000000008b000000, 0x000000008b000000, 0x000000008b100000|  0%| F|  |TAMS 0x000000008b000000, 0x000000008b000000| Untracked 
|  25|0x000000008b100000, 0x000000008b100000, 0x000000008b200000|  0%| F|  |TAMS 0x000000008b100000, 0x000000008b100000| Untracked 
|  26|0x000000008b200000, 0x000000008b200000, 0x000000008b300000|  0%| F|  |TAMS 0x000000008b200000, 0x000000008b200000| Untracked 
|  27|0x000000008b300000, 0x000000008b300000, 0x000000008b400000|  0%| F|  |TAMS 0x000000008b300000, 0x000000008b300000| Untracked 
|  28|0x000000008b400000, 0x000000008b400000, 0x000000008b500000|  0%| F|  |TAMS 0x000000008b400000, 0x000000008b400000| Untracked 
|  29|0x000000008b500000, 0x000000008b500000, 0x000000008b600000|  0%| F|  |TAMS 0x000000008b500000, 0x000000008b500000| Untracked 
|  30|0x000000008b600000, 0x000000008b600000, 0x000000008b700000|  0%| F|  |TAMS 0x000000008b600000, 0x000000008b600000| Untracked 
|  31|0x000000008b700000, 0x000000008b700000, 0x000000008b800000|  0%| F|  |TAMS 0x000000008b700000, 0x000000008b700000| Untracked 
|  32|0x000000008b800000, 0x000000008b800000, 0x000000008b900000|  0%| F|  |TAMS 0x000000008b800000, 0x000000008b800000| Untracked 
|  33|0x000000008b900000, 0x000000008b900000, 0x000000008ba00000|  0%| F|  |TAMS 0x000000008b900000, 0x000000008b900000| Untracked 
|  34|0x000000008ba00000, 0x000000008ba00000, 0x000000008bb00000|  0%| F|  |TAMS 0x000000008ba00000, 0x000000008ba00000| Untracked 
|  35|0x000000008bb00000, 0x000000008bb00000, 0x000000008bc00000|  0%| F|  |TAMS 0x000000008bb00000, 0x000000008bb00000| Untracked 
|  36|0x000000008bc00000, 0x000000008bc00000, 0x000000008bd00000|  0%| F|  |TAMS 0x000000008bc00000, 0x000000008bc00000| Untracked 
|  37|0x000000008bd00000, 0x000000008bd00000, 0x000000008be00000|  0%| F|  |TAMS 0x000000008bd00000, 0x000000008bd00000| Untracked 
|  38|0x000000008be00000, 0x000000008be00000, 0x000000008bf00000|  0%| F|  |TAMS 0x000000008be00000, 0x000000008be00000| Untracked 
|  39|0x000000008bf00000, 0x000000008bf00000, 0x000000008c000000|  0%| F|  |TAMS 0x000000008bf00000, 0x000000008bf00000| Untracked 
|  40|0x000000008c000000, 0x000000008c000000, 0x000000008c100000|  0%| F|  |TAMS 0x000000008c000000, 0x000000008c000000| Untracked 
|  41|0x000000008c100000, 0x000000008c100000, 0x000000008c200000|  0%| F|  |TAMS 0x000000008c100000, 0x000000008c100000| Untracked 
|  42|0x000000008c200000, 0x000000008c200000, 0x000000008c300000|  0%| F|  |TAMS 0x000000008c200000, 0x000000008c200000| Untracked 
|  43|0x000000008c300000, 0x000000008c300000, 0x000000008c400000|  0%| F|  |TAMS 0x000000008c300000, 0x000000008c300000| Untracked 
|  44|0x000000008c400000, 0x000000008c400000, 0x000000008c500000|  0%| F|  |TAMS 0x000000008c400000, 0x000000008c400000| Untracked 
|  45|0x000000008c500000, 0x000000008c500000, 0x000000008c600000|  0%| F|  |TAMS 0x000000008c500000, 0x000000008c500000| Untracked 
|  46|0x000000008c600000, 0x000000008c600000, 0x000000008c700000|  0%| F|  |TAMS 0x000000008c600000, 0x000000008c600000| Untracked 
|  47|0x000000008c700000, 0x000000008c700000, 0x000000008c800000|  0%| F|  |TAMS 0x000000008c700000, 0x000000008c700000| Untracked 
|  48|0x000000008c800000, 0x000000008c800000, 0x000000008c900000|  0%| F|  |TAMS 0x000000008c800000, 0x000000008c800000| Untracked 
|  49|0x000000008c900000, 0x000000008c900000, 0x000000008ca00000|  0%| F|  |TAMS 0x000000008c900000, 0x000000008c900000| Untracked 
|  50|0x000000008ca00000, 0x000000008ca00000, 0x000000008cb00000|  0%| F|  |TAMS 0x000000008ca00000, 0x000000008ca00000| Untracked 
|  51|0x000000008cb00000, 0x000000008cb00000, 0x000000008cc00000|  0%| F|  |TAMS 0x000000008cb00000, 0x000000008cb00000| Untracked 
|  52|0x000000008cc00000, 0x000000008cc00000, 0x000000008cd00000|  0%| F|  |TAMS 0x000000008cc00000, 0x000000008cc00000| Untracked 
|  53|0x000000008cd00000, 0x000000008cd00000, 0x000000008ce00000|  0%| F|  |TAMS 0x000000008cd00000, 0x000000008cd00000| Untracked 
|  54|0x000000008ce00000, 0x000000008ce00000, 0x000000008cf00000|  0%| F|  |TAMS 0x000000008ce00000, 0x000000008ce00000| Untracked 
|  55|0x000000008cf00000, 0x000000008cf00000, 0x000000008d000000|  0%| F|  |TAMS 0x000000008cf00000, 0x000000008cf00000| Untracked 
|  56|0x000000008d000000, 0x000000008d000000, 0x000000008d100000|  0%| F|  |TAMS 0x000000008d000000, 0x000000008d000000| Untracked 
|  57|0x000000008d100000, 0x000000008d100000, 0x000000008d200000|  0%| F|  |TAMS 0x000000008d100000, 0x000000008d100000| Untracked 
|  58|0x000000008d200000, 0x000000008d200000, 0x000000008d300000|  0%| F|  |TAMS 0x000000008d200000, 0x000000008d200000| Untracked 
|  59|0x000000008d300000, 0x000000008d300000, 0x000000008d400000|  0%| F|  |TAMS 0x000000008d300000, 0x000000008d300000| Untracked 
|  60|0x000000008d400000, 0x000000008d400000, 0x000000008d500000|  0%| F|  |TAMS 0x000000008d400000, 0x000000008d400000| Untracked 
|  61|0x000000008d500000, 0x000000008d500000, 0x000000008d600000|  0%| F|  |TAMS 0x000000008d500000, 0x000000008d500000| Untracked 
|  62|0x000000008d600000, 0x000000008d600000, 0x000000008d700000|  0%| F|  |TAMS 0x000000008d600000, 0x000000008d600000| Untracked 
|  63|0x000000008d700000, 0x000000008d700000, 0x000000008d800000|  0%| F|  |TAMS 0x000000008d700000, 0x000000008d700000| Untracked 
|  64|0x000000008d800000, 0x000000008d800000, 0x000000008d900000|  0%| F|  |TAMS 0x000000008d800000, 0x000000008d800000| Untracked 
|  65|0x000000008d900000, 0x000000008d900000, 0x000000008da00000|  0%| F|  |TAMS 0x000000008d900000, 0x000000008d900000| Untracked 
|  66|0x000000008da00000, 0x000000008da00000, 0x000000008db00000|  0%| F|  |TAMS 0x000000008da00000, 0x000000008da00000| Untracked 
|  67|0x000000008db00000, 0x000000008db00000, 0x000000008dc00000|  0%| F|  |TAMS 0x000000008db00000, 0x000000008db00000| Untracked 
|  68|0x000000008dc00000, 0x000000008dc00000, 0x000000008dd00000|  0%| F|  |TAMS 0x000000008dc00000, 0x000000008dc00000| Untracked 
|  69|0x000000008dd00000, 0x000000008dd00000, 0x000000008de00000|  0%| F|  |TAMS 0x000000008dd00000, 0x000000008dd00000| Untracked 
|  70|0x000000008de00000, 0x000000008de00000, 0x000000008df00000|  0%| F|  |TAMS 0x000000008de00000, 0x000000008de00000| Untracked 
|  71|0x000000008df00000, 0x000000008df00000, 0x000000008e000000|  0%| F|  |TAMS 0x000000008df00000, 0x000000008df00000| Untracked 
|  72|0x000000008e000000, 0x000000008e000000, 0x000000008e100000|  0%| F|  |TAMS 0x000000008e000000, 0x000000008e000000| Untracked 
|  73|0x000000008e100000, 0x000000008e100000, 0x000000008e200000|  0%| F|  |TAMS 0x000000008e100000, 0x000000008e100000| Untracked 
|  74|0x000000008e200000, 0x000000008e200000, 0x000000008e300000|  0%| F|  |TAMS 0x000000008e200000, 0x000000008e200000| Untracked 
|  75|0x000000008e300000, 0x000000008e300000, 0x000000008e400000|  0%| F|  |TAMS 0x000000008e300000, 0x000000008e300000| Untracked 
|  76|0x000000008e400000, 0x000000008e400000, 0x000000008e500000|  0%| F|  |TAMS 0x000000008e400000, 0x000000008e400000| Untracked 
|  77|0x000000008e500000, 0x000000008e500000, 0x000000008e600000|  0%| F|  |TAMS 0x000000008e500000, 0x000000008e500000| Untracked 
|  78|0x000000008e600000, 0x000000008e600000, 0x000000008e700000|  0%| F|  |TAMS 0x000000008e600000, 0x000000008e600000| Untracked 
|  79|0x000000008e700000, 0x000000008e700000, 0x000000008e800000|  0%| F|  |TAMS 0x000000008e700000, 0x000000008e700000| Untracked 
|  80|0x000000008e800000, 0x000000008e800000, 0x000000008e900000|  0%| F|  |TAMS 0x000000008e800000, 0x000000008e800000| Untracked 
|  81|0x000000008e900000, 0x000000008e900000, 0x000000008ea00000|  0%| F|  |TAMS 0x000000008e900000, 0x000000008e900000| Untracked 
|  82|0x000000008ea00000, 0x000000008ea00000, 0x000000008eb00000|  0%| F|  |TAMS 0x000000008ea00000, 0x000000008ea00000| Untracked 
|  83|0x000000008eb00000, 0x000000008eb00000, 0x000000008ec00000|  0%| F|  |TAMS 0x000000008eb00000, 0x000000008eb00000| Untracked 
|  84|0x000000008ec00000, 0x000000008ec00000, 0x000000008ed00000|  0%| F|  |TAMS 0x000000008ec00000, 0x000000008ec00000| Untracked 
|  85|0x000000008ed00000, 0x000000008ed00000, 0x000000008ee00000|  0%| F|  |TAMS 0x000000008ed00000, 0x000000008ed00000| Untracked 
|  86|0x000000008ee00000, 0x000000008ee00000, 0x000000008ef00000|  0%| F|  |TAMS 0x000000008ee00000, 0x000000008ee00000| Untracked 
|  87|0x000000008ef00000, 0x000000008ef00000, 0x000000008f000000|  0%| F|  |TAMS 0x000000008ef00000, 0x000000008ef00000| Untracked 
|  88|0x000000008f000000, 0x000000008f000000, 0x000000008f100000|  0%| F|  |TAMS 0x000000008f000000, 0x000000008f000000| Untracked 
|  89|0x000000008f100000, 0x000000008f100000, 0x000000008f200000|  0%| F|  |TAMS 0x000000008f100000, 0x000000008f100000| Untracked 
|  90|0x000000008f200000, 0x000000008f200000, 0x000000008f300000|  0%| F|  |TAMS 0x000000008f200000, 0x000000008f200000| Untracked 
|  91|0x000000008f300000, 0x000000008f300000, 0x000000008f400000|  0%| F|  |TAMS 0x000000008f300000, 0x000000008f300000| Untracked 
|  92|0x000000008f400000, 0x000000008f400000, 0x000000008f500000|  0%| F|  |TAMS 0x000000008f400000, 0x000000008f400000| Untracked 
|  93|0x000000008f500000, 0x000000008f500000, 0x000000008f600000|  0%| F|  |TAMS 0x000000008f500000, 0x000000008f500000| Untracked 
|  94|0x000000008f600000, 0x000000008f600000, 0x000000008f700000|  0%| F|  |TAMS 0x000000008f600000, 0x000000008f600000| Untracked 
|  95|0x000000008f700000, 0x000000008f700000, 0x000000008f800000|  0%| F|  |TAMS 0x000000008f700000, 0x000000008f700000| Untracked 
|  96|0x000000008f800000, 0x000000008f800000, 0x000000008f900000|  0%| F|  |TAMS 0x000000008f800000, 0x000000008f800000| Untracked 
|  97|0x000000008f900000, 0x000000008f900000, 0x000000008fa00000|  0%| F|  |TAMS 0x000000008f900000, 0x000000008f900000| Untracked 
|  98|0x000000008fa00000, 0x000000008fa00000, 0x000000008fb00000|  0%| F|  |TAMS 0x000000008fa00000, 0x000000008fa00000| Untracked 
|  99|0x000000008fb00000, 0x000000008fb00000, 0x000000008fc00000|  0%| F|  |TAMS 0x000000008fb00000, 0x000000008fb00000| Untracked 
| 100|0x000000008fc00000, 0x000000008fc00000, 0x000000008fd00000|  0%| F|  |TAMS 0x000000008fc00000, 0x000000008fc00000| Untracked 
| 101|0x000000008fd00000, 0x000000008fd00000, 0x000000008fe00000|  0%| F|  |TAMS 0x000000008fd00000, 0x000000008fd00000| Untracked 
| 102|0x000000008fe00000, 0x000000008fe00000, 0x000000008ff00000|  0%| F|  |TAMS 0x000000008fe00000, 0x000000008fe00000| Untracked 
| 103|0x000000008ff00000, 0x000000008ff00000, 0x0000000090000000|  0%| F|  |TAMS 0x000000008ff00000, 0x000000008ff00000| Untracked 
| 104|0x0000000090000000, 0x0000000090000000, 0x0000000090100000|  0%| F|  |TAMS 0x0000000090000000, 0x0000000090000000| Untracked 
| 105|0x0000000090100000, 0x0000000090200000, 0x0000000090200000|100%| E|  |TAMS 0x0000000090100000, 0x0000000090100000| Complete 
| 106|0x0000000090200000, 0x0000000090300000, 0x0000000090300000|100%| E|CS|TAMS 0x0000000090200000, 0x0000000090200000| Complete 
| 107|0x0000000090300000, 0x0000000090400000, 0x0000000090400000|100%| E|CS|TAMS 0x0000000090300000, 0x0000000090300000| Complete 
| 108|0x0000000090400000, 0x0000000090500000, 0x0000000090500000|100%| E|CS|TAMS 0x0000000090400000, 0x0000000090400000| Complete 
| 109|0x0000000090500000, 0x0000000090600000, 0x0000000090600000|100%| E|CS|TAMS 0x0000000090500000, 0x0000000090500000| Complete 
| 110|0x0000000090600000, 0x0000000090700000, 0x0000000090700000|100%| E|CS|TAMS 0x0000000090600000, 0x0000000090600000| Complete 
| 111|0x0000000090700000, 0x0000000090800000, 0x0000000090800000|100%| E|CS|TAMS 0x0000000090700000, 0x0000000090700000| Complete 
| 112|0x0000000090800000, 0x0000000090900000, 0x0000000090900000|100%| E|CS|TAMS 0x0000000090800000, 0x0000000090800000| Complete 
| 113|0x0000000090900000, 0x0000000090a00000, 0x0000000090a00000|100%| E|  |TAMS 0x0000000090900000, 0x0000000090900000| Complete 
| 114|0x0000000090a00000, 0x0000000090b00000, 0x0000000090b00000|100%| E|CS|TAMS 0x0000000090a00000, 0x0000000090a00000| Complete 
| 115|0x0000000090b00000, 0x0000000090c00000, 0x0000000090c00000|100%| E|CS|TAMS 0x0000000090b00000, 0x0000000090b00000| Complete 
| 116|0x0000000090c00000, 0x0000000090d00000, 0x0000000090d00000|100%| E|CS|TAMS 0x0000000090c00000, 0x0000000090c00000| Complete 
| 117|0x0000000090d00000, 0x0000000090e00000, 0x0000000090e00000|100%| E|CS|TAMS 0x0000000090d00000, 0x0000000090d00000| Complete 
| 118|0x0000000090e00000, 0x0000000090f00000, 0x0000000090f00000|100%| E|CS|TAMS 0x0000000090e00000, 0x0000000090e00000| Complete 
| 119|0x0000000090f00000, 0x0000000091000000, 0x0000000091000000|100%| E|CS|TAMS 0x0000000090f00000, 0x0000000090f00000| Complete 

Card table byte_map: [0x0000027621520000,0x00000276218e0000] _byte_map_base: 0x00000276210d4000

Marking Bits (Prev, Next): (CMBitMap*) 0x000002760884f570, (CMBitMap*) 0x000002760884f5b0
 Prev Bits: [0x0000027621ca0000, 0x0000027623a40000)
 Next Bits: [0x0000027623a40000, 0x00000276257e0000)

Polling page: 0x0000027608680000

Metaspace:

Usage:
  Non-class:      7.56 MB used.
      Class:    905.75 KB used.
       Both:      8.44 MB used.

Virtual space:
  Non-class space:       64.00 MB reserved,       7.69 MB ( 12%) committed,  1 nodes.
      Class space:        1.00 GB reserved,     960.00 KB ( <1%) committed,  1 nodes.
             Both:        1.06 GB reserved,       8.62 MB ( <1%) committed. 

Chunk freelists:
   Non-Class:  240.00 KB
       Class:  3.08 MB
        Both:  3.31 MB

MaxMetaspaceSize: unlimited
CompressedClassSpaceSize: 1.00 GB
Initial GC threshold: 21.00 MB
Current GC threshold: 21.00 MB
CDS: on
MetaspaceReclaimPolicy: balanced
 - commit_granule_bytes: 65536.
 - commit_granule_words: 8192.
 - virtual_space_node_default_size: 8388608.
 - enlarge_chunks_in_place: 1.
 - new_chunks_are_fully_committed: 0.
 - uncommit_free_chunks: 1.
 - use_allocation_guard: 0.


Internal statistics:

num_allocs_failed_limit: 0.
num_arena_births: 60.
num_arena_deaths: 0.
num_vsnodes_births: 2.
num_vsnodes_deaths: 0.
num_space_committed: 138.
num_space_uncommitted: 0.
num_chunks_returned_to_freelist: 0.
num_chunks_taken_from_freelist: 194.
num_chunk_merges: 0.
num_chunk_splits: 118.
num_chunks_enlarged: 85.
num_inconsistent_stats: 0.

CodeHeap 'non-profiled nmethods': size=120000Kb used=395Kb max_used=395Kb free=119604Kb
 bounds [0x00000276193d0000, 0x0000027619640000, 0x0000027620900000]
CodeHeap 'profiled nmethods': size=120000Kb used=1967Kb max_used=1967Kb free=118032Kb
 bounds [0x0000027611ea0000, 0x0000027612110000, 0x00000276193d0000]
CodeHeap 'non-nmethods': size=5760Kb used=1221Kb max_used=1238Kb free=4538Kb
 bounds [0x0000027611900000, 0x0000027611b70000, 0x0000027611ea0000]
 total_blobs=1635 nmethods=1122 adapters=426
 compilation: enabled
              stopped_count=0, restarted_count=0
 full_count=0

Compilation events (20 events):
Event: 17.922 Thread 0x0000027628033290 nmethod 1074 0x000002761206fb90 code [0x000002761206fd40, 0x0000027612070398]
Event: 17.922 Thread 0x0000027628033290 1073       3       sun.security.util.math.intpoly.IntegerPolynomial$MutableElement::setValue (33 bytes)
Event: 17.923 Thread 0x0000027628033290 nmethod 1073 0x0000027612070610 code [0x00000276120707c0, 0x0000027612070a88]
Event: 17.923 Thread 0x0000027628033290 1075       3       sun.security.util.math.intpoly.IntegerPolynomial25519::mult (943 bytes)
Event: 17.923 Thread 0x0000027628033290 nmethod 1075 0x0000027612070b90 code [0x0000027612070d60, 0x0000027612071aa8]
Event: 17.923 Thread 0x0000027628033290 1078       3       sun.security.util.math.intpoly.IntegerPolynomial$MutableElement::setSum (84 bytes)
Event: 17.924 Thread 0x0000027628033290 nmethod 1078 0x0000027612071e10 code [0x0000027612072000, 0x0000027612072788]
Event: 17.924 Thread 0x0000027628033290 1077       3       sun.security.util.math.intpoly.IntegerPolynomial$MutableElement::setDifference (84 bytes)
Event: 17.924 Thread 0x0000027628033290 nmethod 1077 0x0000027612072a10 code [0x0000027612072c00, 0x0000027612073388]
Event: 17.924 Thread 0x0000027628033290 1079       3       sun.security.util.math.intpoly.IntegerPolynomial$MutableElement::setProduct (6 bytes)
Event: 17.924 Thread 0x0000027628033290 nmethod 1079 0x0000027612073610 code [0x00000276120737c0, 0x0000027612073908]
Event: 17.924 Thread 0x0000027628033290 1080       3       sun.security.util.math.intpoly.IntegerPolynomial$MutableElement::setProduct (31 bytes)
Event: 17.924 Thread 0x0000027628033290 nmethod 1080 0x0000027612073990 code [0x0000027612073b40, 0x0000027612073e48]
Event: 17.924 Thread 0x0000027628033290 1086       3       sun.security.util.math.intpoly.IntegerPolynomial::conditionalSwap (57 bytes)
Event: 17.925 Thread 0x0000027628033290 nmethod 1086 0x0000027612073f90 code [0x0000027612074140, 0x0000027612074338]
Event: 17.925 Thread 0x0000027628033290 1082       3       sun.security.util.math.intpoly.IntegerPolynomial$MutableElement::setSquare (5 bytes)
Event: 17.925 Thread 0x0000027628033290 nmethod 1082 0x0000027612074490 code [0x0000027612074640, 0x00000276120748a8]
Event: 17.925 Thread 0x0000027628033290 1083       3       sun.security.util.math.intpoly.IntegerPolynomial$MutableElement::setSquare (22 bytes)
Event: 17.925 Thread 0x0000027628033290 nmethod 1083 0x0000027612074990 code [0x0000027612074b40, 0x0000027612074d48]
Event: 17.925 Thread 0x0000027628033290 1084       3       sun.security.util.math.intpoly.IntegerPolynomial25519::square (613 bytes)

GC Heap History (0 events):
No events

Deoptimization events (20 events):
Event: 17.698 Thread 0x00000276087f0d80 DEOPT PACKING pc=0x00000276193f3938 sp=0x0000009eceafdf50
Event: 17.698 Thread 0x00000276087f0d80 DEOPT UNPACKING pc=0x00000276119523a3 sp=0x0000009eceafdef0 mode 2
Event: 17.727 Thread 0x00000276087f0d80 Uncommon trap: trap_request=0xffffff45 fr.pc=0x0000027619410e04 relative=0x0000000000000a64
Event: 17.727 Thread 0x00000276087f0d80 Uncommon trap: reason=unstable_if action=reinterpret pc=0x0000027619410e04 method=java.util.HashMap.putVal(ILjava/lang/Object;Ljava/lang/Object;ZZ)Ljava/lang/Object; @ 181 c2
Event: 17.727 Thread 0x00000276087f0d80 DEOPT PACKING pc=0x0000027619410e04 sp=0x0000009eceafbc90
Event: 17.727 Thread 0x00000276087f0d80 DEOPT UNPACKING pc=0x00000276119523a3 sp=0x0000009eceafbc50 mode 2
Event: 17.755 Thread 0x00000276087f0d80 DEOPT PACKING pc=0x0000027611f2c13e sp=0x0000009eceafa210
Event: 17.755 Thread 0x00000276087f0d80 DEOPT UNPACKING pc=0x0000027611952b43 sp=0x0000009eceaf96b0 mode 0
Event: 17.768 Thread 0x00000276087f0d80 Uncommon trap: trap_request=0xffffff45 fr.pc=0x000002761941407c relative=0x000000000000025c
Event: 17.768 Thread 0x00000276087f0d80 Uncommon trap: reason=unstable_if action=reinterpret pc=0x000002761941407c method=java.util.StringTokenizer.scanToken(I)I @ 42 c2
Event: 17.768 Thread 0x00000276087f0d80 DEOPT PACKING pc=0x000002761941407c sp=0x0000009eceafbc60
Event: 17.768 Thread 0x00000276087f0d80 DEOPT UNPACKING pc=0x00000276119523a3 sp=0x0000009eceafbbf0 mode 2
Event: 17.859 Thread 0x00000276087f0d80 Uncommon trap: trap_request=0xffffff45 fr.pc=0x000002761941e6f0 relative=0x0000000000000230
Event: 17.859 Thread 0x00000276087f0d80 Uncommon trap: reason=unstable_if action=reinterpret pc=0x000002761941e6f0 method=java.util.HashMap.putVal(ILjava/lang/Object;Ljava/lang/Object;ZZ)Ljava/lang/Object; @ 162 c2
Event: 17.859 Thread 0x00000276087f0d80 DEOPT PACKING pc=0x000002761941e6f0 sp=0x0000009eceafb3a0
Event: 17.859 Thread 0x00000276087f0d80 DEOPT UNPACKING pc=0x00000276119523a3 sp=0x0000009eceafb2f8 mode 2
Event: 17.893 Thread 0x00000276087f0d80 Uncommon trap: trap_request=0xffffff45 fr.pc=0x0000027619424714 relative=0x00000000000002d4
Event: 17.893 Thread 0x00000276087f0d80 Uncommon trap: reason=unstable_if action=reinterpret pc=0x0000027619424714 method=java.util.regex.Pattern$SliceI.match(Ljava/util/regex/Matcher;ILjava/lang/CharSequence;)Z @ 29 c2
Event: 17.893 Thread 0x00000276087f0d80 DEOPT PACKING pc=0x0000027619424714 sp=0x0000009eceafdef0
Event: 17.893 Thread 0x00000276087f0d80 DEOPT UNPACKING pc=0x00000276119523a3 sp=0x0000009eceafde88 mode 2

Classes loaded (20 events):
Event: 17.916 Loading class sun/security/ssl/ECDHKeyExchange
Event: 17.916 Loading class sun/security/ssl/ECDHKeyExchange done
Event: 17.916 Loading class sun/security/ssl/ECDHKeyExchange$ECDHEPossessionGenerator
Event: 17.916 Loading class sun/security/ssl/ECDHKeyExchange$ECDHEPossessionGenerator done
Event: 17.916 Loading class sun/security/ssl/ECDHKeyExchange$ECDHKAGenerator
Event: 17.917 Loading class sun/security/ssl/ECDHKeyExchange$ECDHKAGenerator done
Event: 17.917 Loading class sun/security/ssl/ECDHKeyExchange$ECDHEKAGenerator
Event: 17.917 Loading class sun/security/ssl/ECDHKeyExchange$ECDHEKAGenerator done
Event: 17.917 Loading class sun/security/ssl/ECDHKeyExchange$ECDHEXDHKAGenerator
Event: 17.917 Loading class sun/security/ssl/ECDHKeyExchange$ECDHEXDHKAGenerator done
Event: 17.917 Loading class sun/security/ssl/XDHKeyExchange$XDHEPossession
Event: 17.917 Loading class sun/security/ssl/XDHKeyExchange$XDHEPossession done
Event: 17.919 Loading class sun/security/jca/JCAUtil
Event: 17.919 Loading class sun/security/jca/JCAUtil done
Event: 17.919 Loading class sun/security/jca/JCAUtil$CachedSecureRandomHolder
Event: 17.919 Loading class sun/security/jca/JCAUtil$CachedSecureRandomHolder done
Event: 17.920 Loading class sun/security/util/math/intpoly/IntegerPolynomial$MutableElement
Event: 17.920 Loading class sun/security/util/math/MutableIntegerModuloP
Event: 17.920 Loading class sun/security/util/math/MutableIntegerModuloP done
Event: 17.920 Loading class sun/security/util/math/intpoly/IntegerPolynomial$MutableElement done

Classes unloaded (0 events):
No events

Classes redefined (0 events):
No events

Internal exceptions (20 events):
Event: 0.057 Thread 0x00000276087f0d80 Exception <a 'java/lang/NoSuchMethodError'{0x0000000090e1bd78}: 'void java.lang.invoke.DirectMethodHandle$Holder.invokeVirtual(java.lang.Object, java.lang.Object)'> (0x0000000090e1bd78) 
thrown [s\open\src\hotspot\share\interpreter\linkResolver.cpp, line 759]
Event: 17.516 Thread 0x00000276087f0d80 Exception <a 'sun/nio/fs/WindowsException'{0x0000000090d7af48}> (0x0000000090d7af48) 
thrown [s\open\src\hotspot\share\prims\jni.cpp, line 516]
Event: 17.540 Thread 0x00000276087f0d80 Exception <a 'java/lang/NoSuchMethodError'{0x0000000090c700d0}: 'java.lang.Object java.lang.invoke.DirectMethodHandle$Holder.invokeStaticInit(java.lang.Object)'> (0x0000000090c700d0) 
thrown [s\open\src\hotspot\share\interpreter\linkResolver.cpp, line 759]
Event: 17.545 Thread 0x00000276087f0d80 Exception <a 'java/lang/NoSuchMethodError'{0x0000000090c9a600}: 'java.lang.Object java.lang.invoke.DirectMethodHandle$Holder.invokeInterface(java.lang.Object, java.lang.Object)'> (0x0000000090c9a600) 
thrown [s\open\src\hotspot\share\interpreter\linkResolver.cpp, line 759]
Event: 17.548 Thread 0x00000276087f0d80 Exception <a 'sun/nio/fs/WindowsException'{0x0000000090ca48e0}> (0x0000000090ca48e0) 
thrown [s\open\src\hotspot\share\prims\jni.cpp, line 516]
Event: 17.549 Thread 0x00000276087f0d80 Exception <a 'sun/nio/fs/WindowsException'{0x0000000090ca8e20}> (0x0000000090ca8e20) 
thrown [s\open\src\hotspot\share\prims\jni.cpp, line 516]
Event: 17.560 Thread 0x00000276087f0d80 Exception <a 'sun/nio/fs/WindowsException'{0x0000000090b238c0}> (0x0000000090b238c0) 
thrown [s\open\src\hotspot\share\prims\jni.cpp, line 516]
Event: 17.561 Thread 0x00000276087f0d80 Exception <a 'sun/nio/fs/WindowsException'{0x0000000090b24e58}> (0x0000000090b24e58) 
thrown [s\open\src\hotspot\share\prims\jni.cpp, line 516]
Event: 17.565 Thread 0x00000276087f0d80 Exception <a 'java/lang/NoSuchMethodError'{0x0000000090b3e3f8}: 'void java.lang.invoke.DirectMethodHandle$Holder.invokeSpecial(java.lang.Object, java.lang.Object, java.lang.Object)'> (0x0000000090b3e3f8) 
thrown [s\open\src\hotspot\share\interpreter\linkResolver.cpp, line 759]
Event: 17.566 Thread 0x00000276087f0d80 Exception <a 'java/lang/NoSuchMethodError'{0x0000000090b44f90}: 'void java.lang.invoke.DirectMethodHandle$Holder.invokeStatic(java.lang.Object, java.lang.Object, java.lang.Object)'> (0x0000000090b44f90) 
thrown [s\open\src\hotspot\share\interpreter\linkResolver.cpp, line 759]
Event: 17.567 Thread 0x00000276087f0d80 Exception <a 'java/lang/NoSuchMethodError'{0x0000000090b4ee98}: 'java.lang.Object java.lang.invoke.DirectMethodHandle$Holder.invokeVirtual(java.lang.Object, java.lang.Object, java.lang.Object)'> (0x0000000090b4ee98) 
thrown [s\open\src\hotspot\share\interpreter\linkResolver.cpp, line 759]
Event: 17.621 Thread 0x00000276087f0d80 Exception <a 'sun/nio/fs/WindowsException'{0x000000009085adc8}> (0x000000009085adc8) 
thrown [s\open\src\hotspot\share\prims\jni.cpp, line 516]
Event: 17.631 Thread 0x00000276087f0d80 Exception <a 'java/lang/ClassNotFoundException'{0x000000009086c868}: jdk/net/ExtendedSocketOptions> (0x000000009086c868) 
thrown [s\open\src\hotspot\share\classfile\systemDictionary.cpp, line 255]
Event: 17.632 Thread 0x00000276087f0d80 Exception <a 'java/lang/NoSuchMethodError'{0x000000009086e208}: 'void java.lang.invoke.DirectMethodHandle$Holder.invokeStatic(java.lang.Object, java.lang.Object)'> (0x000000009086e208) 
thrown [s\open\src\hotspot\share\interpreter\linkResolver.cpp, line 759]
Event: 17.697 Thread 0x00000276087f0d80 Exception <a 'sun/nio/fs/WindowsException'{0x00000000906eaa40}> (0x00000000906eaa40) 
thrown [s\open\src\hotspot\share\prims\jni.cpp, line 516]
Event: 17.698 Thread 0x00000276087f0d80 Exception <a 'java/lang/NoSuchMethodError'{0x00000000906f27e0}: 'void java.lang.invoke.DirectMethodHandle$Holder.invokeStaticInit(java.lang.Object, java.lang.Object)'> (0x00000000906f27e0) 
thrown [s\open\src\hotspot\share\interpreter\linkResolver.cpp, line 759]
Event: 17.751 Thread 0x00000276087f0d80 Exception <a 'sun/nio/fs/WindowsException'{0x00000000904dbad0}> (0x00000000904dbad0) 
thrown [s\open\src\hotspot\share\prims\jni.cpp, line 516]
Event: 17.755 Thread 0x00000276087f0d80 Exception <a 'sun/nio/fs/WindowsException'{0x00000000904f02f0}> (0x00000000904f02f0) 
thrown [s\open\src\hotspot\share\prims\jni.cpp, line 516]
Event: 17.790 Thread 0x00000276087f0d80 Exception <a 'java/lang/NoSuchMethodError'{0x00000000902209d0}: 'java.lang.Object java.lang.invoke.DirectMethodHandle$Holder.invokeStaticInit(java.lang.Object, int, int, int, int)'> (0x00000000902209d0) 
thrown [s\open\src\hotspot\share\interpreter\linkResolver.cpp, line 759]
Event: 17.834 Thread 0x00000276087f0d80 Exception <a 'java/lang/NoSuchMethodError'{0x00000000902afee0}: 'java.lang.Object java.lang.invoke.DirectMethodHandle$Holder.invokeStaticInit(java.lang.Object, java.lang.Object, int, int, int, int)'> (0x00000000902afee0) 
thrown [s\open\src\hotspot\share\interpreter\linkResolver.cpp, line 759]

VM Operations (14 events):
Event: 1.016 Executing VM operation: Cleanup
Event: 1.016 Executing VM operation: Cleanup done
Event: 17.527 Executing VM operation: HandshakeAllThreads
Event: 17.527 Executing VM operation: HandshakeAllThreads done
Event: 17.527 Executing VM operation: Cleanup
Event: 17.527 Executing VM operation: Cleanup done
Event: 17.532 Executing VM operation: HandshakeAllThreads
Event: 17.532 Executing VM operation: HandshakeAllThreads done
Event: 17.619 Executing VM operation: HandshakeAllThreads
Event: 17.619 Executing VM operation: HandshakeAllThreads done
Event: 17.715 Executing VM operation: HandshakeAllThreads
Event: 17.715 Executing VM operation: HandshakeAllThreads done
Event: 17.756 Executing VM operation: HandshakeAllThreads
Event: 17.756 Executing VM operation: HandshakeAllThreads done

Events (20 events):
Event: 0.014 Loaded shared library C:\Program Files\Java\jdk-18.0.2\bin\jsvml.dll
Event: 0.014 Thread 0x00000276087f0d80 Thread added: 0x00000276087f0d80
Event: 0.016 Thread 0x000002762800c9c0 Thread added: 0x000002762800c9c0
Event: 0.016 Thread 0x000002762800ddc0 Thread added: 0x000002762800ddc0
Event: 0.025 Thread 0x00000276280285d0 Thread added: 0x00000276280285d0
Event: 0.025 Thread 0x0000027628028e80 Thread added: 0x0000027628028e80
Event: 0.025 Thread 0x0000027628029fc0 Thread added: 0x0000027628029fc0
Event: 0.025 Thread 0x000002762802a960 Thread added: 0x000002762802a960
Event: 0.025 Thread 0x000002762802ccf0 Thread added: 0x000002762802ccf0
Event: 0.025 Thread 0x0000027628033290 Thread added: 0x0000027628033290
Event: 0.025 Thread 0x000002762803a340 Thread added: 0x000002762803a340
Event: 0.042 Thread 0x000002762c46d060 Thread added: 0x000002762c46d060
Event: 0.046 Loaded shared library C:\Program Files\Java\jdk-18.0.2\bin\net.dll
Event: 0.047 Loaded shared library C:\Program Files\Java\jdk-18.0.2\bin\nio.dll
Event: 0.074 Thread 0x000002762c5145a0 Thread added: 0x000002762c5145a0
Event: 0.079 Loaded shared library C:\Program Files\Java\jdk-18.0.2\bin\jimage.dll
Event: 17.520 Loaded shared library C:\Program Files\Java\jdk-18.0.2\bin\zip.dll
Event: 17.529 Thread 0x000002762c51a870 Thread added: 0x000002762c51a870
Event: 17.588 Thread 0x000002762c707e90 Thread added: 0x000002762c707e90
Event: 17.866 Loaded shared library C:\Program Files\Java\jdk-18.0.2\bin\sunmscapi.dll


Dynamic libraries:
0x00007ff6964c0000 - 0x00007ff6964d0000 	C:\Program Files\Java\jdk-18.0.2\bin\javaw.exe
0x00007ffa91ad0000 - 0x00007ffa91ce7000 	C:\WINDOWS\SYSTEM32\ntdll.dll
0x00007ffa90db0000 - 0x00007ffa90e74000 	C:\WINDOWS\System32\KERNEL32.DLL
0x00007ffa8f2d0000 - 0x00007ffa8f676000 	C:\WINDOWS\System32\KERNELBASE.dll
0x00007ffa8ee10000 - 0x00007ffa8ef21000 	C:\WINDOWS\System32\ucrtbase.dll
0x00007ffa89b50000 - 0x00007ffa89b68000 	C:\Program Files\Java\jdk-18.0.2\bin\jli.dll
0x00007ffa87a40000 - 0x00007ffa87a5a000 	C:\Program Files\Java\jdk-18.0.2\bin\VCRUNTIME140.dll
0x00007ffa90ec0000 - 0x00007ffa90f73000 	C:\WINDOWS\System32\ADVAPI32.dll
0x00007ffa91980000 - 0x00007ffa91a27000 	C:\WINDOWS\System32\msvcrt.dll
0x00007ffa912b0000 - 0x00007ffa91358000 	C:\WINDOWS\System32\sechost.dll
0x00007ffa8f230000 - 0x00007ffa8f258000 	C:\WINDOWS\System32\bcrypt.dll
0x00007ffa8f850000 - 0x00007ffa8f967000 	C:\WINDOWS\System32\RPCRT4.dll
0x00007ffa90f80000 - 0x00007ffa9112e000 	C:\WINDOWS\System32\USER32.dll
0x00007ffa8f200000 - 0x00007ffa8f226000 	C:\WINDOWS\System32\win32u.dll
0x00007ffa776a0000 - 0x00007ffa77933000 	C:\WINDOWS\WinSxS\amd64_microsoft.windows.common-controls_6595b64144ccf1df_6.0.22621.2506_none_270c5ae97388e100\COMCTL32.dll
0x00007ffa8f820000 - 0x00007ffa8f849000 	C:\WINDOWS\System32\GDI32.dll
0x00007ffa8f680000 - 0x00007ffa8f798000 	C:\WINDOWS\System32\gdi32full.dll
0x00007ffa8f160000 - 0x00007ffa8f1fa000 	C:\WINDOWS\System32\msvcp_win.dll
0x00007ffa85e70000 - 0x00007ffa85e7a000 	C:\WINDOWS\SYSTEM32\VERSION.dll
0x00007ffa90e80000 - 0x00007ffa90eb1000 	C:\WINDOWS\System32\IMM32.DLL
0x00007ffa89170000 - 0x00007ffa8917c000 	C:\Program Files\Java\jdk-18.0.2\bin\vcruntime140_1.dll
0x00007ffa83a80000 - 0x00007ffa83b0d000 	C:\Program Files\Java\jdk-18.0.2\bin\msvcp140.dll
0x00007ffa492f0000 - 0x00007ffa49f01000 	C:\Program Files\Java\jdk-18.0.2\bin\server\jvm.dll
0x00007ffa90da0000 - 0x00007ffa90da8000 	C:\WINDOWS\System32\PSAPI.DLL
0x00007ffa886c0000 - 0x00007ffa886f4000 	C:\WINDOWS\SYSTEM32\WINMM.dll
0x00007ffa7f730000 - 0x00007ffa7f739000 	C:\WINDOWS\SYSTEM32\WSOCK32.dll
0x00007ffa90150000 - 0x00007ffa901c1000 	C:\WINDOWS\System32\WS2_32.dll
0x00007ffa8de50000 - 0x00007ffa8de68000 	C:\WINDOWS\SYSTEM32\kernel.appcore.dll
0x00007ffa89150000 - 0x00007ffa8915a000 	C:\Program Files\Java\jdk-18.0.2\bin\jimage.dll
0x00007ffa86f50000 - 0x00007ffa87183000 	C:\WINDOWS\SYSTEM32\DBGHELP.DLL
0x00007ffa91360000 - 0x00007ffa916e9000 	C:\WINDOWS\System32\combase.dll
0x00007ffa918a0000 - 0x00007ffa91977000 	C:\WINDOWS\System32\OLEAUT32.dll
0x00007ffa86eb0000 - 0x00007ffa86ee2000 	C:\WINDOWS\SYSTEM32\dbgcore.DLL
0x00007ffa8f7a0000 - 0x00007ffa8f81a000 	C:\WINDOWS\System32\bcryptPrimitives.dll
0x00007ffa83470000 - 0x00007ffa83495000 	C:\Program Files\Java\jdk-18.0.2\bin\java.dll
0x00007ffa73520000 - 0x00007ffa735f6000 	C:\Program Files\Java\jdk-18.0.2\bin\jsvml.dll
0x00007ffa90380000 - 0x00007ffa90bdb000 	C:\WINDOWS\System32\SHELL32.dll
0x00007ffa8cd70000 - 0x00007ffa8d666000 	C:\WINDOWS\SYSTEM32\windows.storage.dll
0x00007ffa8cc30000 - 0x00007ffa8cd6e000 	C:\WINDOWS\SYSTEM32\wintypes.dll
0x00007ffa911b0000 - 0x00007ffa912a3000 	C:\WINDOWS\System32\SHCORE.dll
0x00007ffa8fb10000 - 0x00007ffa8fb6e000 	C:\WINDOWS\System32\shlwapi.dll
0x00007ffa8ed40000 - 0x00007ffa8ed66000 	C:\WINDOWS\SYSTEM32\profapi.dll
0x00007ffa863f0000 - 0x00007ffa86403000 	C:\Program Files\Java\jdk-18.0.2\bin\net.dll
0x00007ffa87f70000 - 0x00007ffa880a7000 	C:\WINDOWS\SYSTEM32\WINHTTP.dll
0x00007ffa8e2d0000 - 0x00007ffa8e339000 	C:\WINDOWS\system32\mswsock.dll
0x00007ffa85c20000 - 0x00007ffa85c36000 	C:\Program Files\Java\jdk-18.0.2\bin\nio.dll
0x00007ffa83450000 - 0x00007ffa83468000 	C:\Program Files\Java\jdk-18.0.2\bin\zip.dll
0x00007ffa8d940000 - 0x00007ffa8da39000 	C:\WINDOWS\SYSTEM32\DNSAPI.dll
0x00007ffa8d8d0000 - 0x00007ffa8d8fd000 	C:\WINDOWS\SYSTEM32\IPHLPAPI.DLL
0x00007ffa902e0000 - 0x00007ffa902e9000 	C:\WINDOWS\System32\NSI.dll
0x00007ffa878a0000 - 0x00007ffa878aa000 	C:\Windows\System32\rasadhlp.dll
0x00007ffa871d0000 - 0x00007ffa87253000 	C:\WINDOWS\System32\fwpuclnt.dll
0x00007ffa8e530000 - 0x00007ffa8e54b000 	C:\WINDOWS\SYSTEM32\CRYPTSP.dll
0x00007ffa8ddb0000 - 0x00007ffa8dde5000 	C:\WINDOWS\system32\rsaenh.dll
0x00007ffa8e3c0000 - 0x00007ffa8e3ec000 	C:\WINDOWS\SYSTEM32\USERENV.dll
0x00007ffa8e520000 - 0x00007ffa8e52c000 	C:\WINDOWS\SYSTEM32\CRYPTBASE.dll
0x00007ffa87c10000 - 0x00007ffa87c29000 	C:\WINDOWS\SYSTEM32\dhcpcsvc6.DLL
0x00007ffa87bf0000 - 0x00007ffa87c0f000 	C:\WINDOWS\SYSTEM32\dhcpcsvc.DLL
0x00007ffa87a30000 - 0x00007ffa87a3e000 	C:\Program Files\Java\jdk-18.0.2\bin\sunmscapi.dll
0x00007ffa8eff0000 - 0x00007ffa8f156000 	C:\WINDOWS\System32\CRYPT32.dll
0x00007ffa8e750000 - 0x00007ffa8e77e000 	C:\WINDOWS\SYSTEM32\ncrypt.dll
0x00007ffa8e710000 - 0x00007ffa8e747000 	C:\WINDOWS\SYSTEM32\NTASN1.dll

dbghelp: loaded successfully - version: 4.0.5 - missing functions: none
symbol engine: initialized successfully - sym options: 0x614 - pdb path: .;C:\Program Files\Java\jdk-18.0.2\bin;C:\WINDOWS\SYSTEM32;C:\WINDOWS\WinSxS\amd64_microsoft.windows.common-controls_6595b64144ccf1df_6.0.22621.2506_none_270c5ae97388e100;C:\Program Files\Java\jdk-18.0.2\bin\server

VM Arguments:
jvm_args: -Dfile.encoding=UTF-8 --module-path=C:\Users\ramme\eclipse-workspace\FeeManagementConsole\bin -XX:+ShowCodeDetailsInExceptionMessages -Djdk.module.main=FeeManagementConsole 
java_command: FeeManagementConsole/FeeManagment.Main
java_class_path (initial): C:\Users\ramme\Downloads\mysql-connector-j-8.0.32\mysql-connector-j-8.0.32\mysql-connector-j-8.0.32.jar
Launcher Type: SUN_STANDARD

[Global flags]
     intx CICompilerCount                          = 3                                         {product} {ergonomic}
     uint ConcGCThreads                            = 2                                         {product} {ergonomic}
     uint G1ConcRefinementThreads                  = 6                                         {product} {ergonomic}
   size_t G1HeapRegionSize                         = 1048576                                   {product} {ergonomic}
    uintx GCDrainStackTargetSize                   = 64                                        {product} {ergonomic}
   size_t InitialHeapSize                          = 125829120                                 {product} {ergonomic}
   size_t MarkStackSize                            = 4194304                                   {product} {ergonomic}
   size_t MaxHeapSize                              = 1988100096                                {product} {ergonomic}
   size_t MaxNewSize                               = 1192230912                                {product} {ergonomic}
   size_t MinHeapDeltaBytes                        = 1048576                                   {product} {ergonomic}
   size_t MinHeapSize                              = 8388608                                   {product} {ergonomic}
    uintx NonNMethodCodeHeapSize                   = 5832780                                {pd product} {ergonomic}
    uintx NonProfiledCodeHeapSize                  = 122912730                              {pd product} {ergonomic}
    uintx ProfiledCodeHeapSize                     = 122912730                              {pd product} {ergonomic}
    uintx ReservedCodeCacheSize                    = 251658240                              {pd product} {ergonomic}
     bool SegmentedCodeCache                       = true                                      {product} {ergonomic}
     bool ShowCodeDetailsInExceptionMessages       = true                                   {manageable} {command line}
   size_t SoftMaxHeapSize                          = 1988100096                             {manageable} {ergonomic}
     bool UseCompressedClassPointers               = true                           {product lp64_product} {ergonomic}
     bool UseCompressedOops                        = true                           {product lp64_product} {ergonomic}
     bool UseG1GC                                  = true                                      {product} {ergonomic}
     bool UseLargePagesIndividualAllocation        = false                                  {pd product} {ergonomic}

Logging:
Log output configuration:
 #0: stdout all=warning uptime,level,tags foldmultilines=false
 #1: stderr all=off uptime,level,tags foldmultilines=false

Environment Variables:
JAVA_HOME=C:\Program Files\Java\jdk-18.0.2
PATH=C:\Program Files\Common Files\Oracle\Java\javapath;C:\WINDOWS\system32;C:\WINDOWS;C:\WINDOWS\System32\Wbem;C:\WINDOWS\System32\WindowsPowerShell\v1.0\;C:\WINDOWS\System32\OpenSSH\;C:\Program Files\Java\jdk-18.0.2\bin;C:\mongosh-1.7.1\bin;C:\Program Files\MongoDB\Server\6.0\bin;C:\Program Files\MySQL\MySQL Server 8.0\bin;C:\Program Files\Git\cmd;C:\Program Files\nodejs\;C:\Program Files\MySQL\MySQL Shell 8.0\bin\;C:\Users\ramme\Scripts\;C:\Users\ramme\;C:\Users\ramme\AppData\Local\Microsoft\WindowsApps;;C:\Users\ramme\AppData\Local\Programs\Microsoft VS Code\bin;C:\Program Files\JetBrains\PyCharm Community Edition 2023.2.3\bin;;C:\Users\ramme\AppData\Roaming\npm
USERNAME=shevi
OS=Windows_NT
PROCESSOR_IDENTIFIER=AMD64 Family 23 Model 96 Stepping 1, AuthenticAMD



---------------  S Y S T E M  ---------------

OS:
 Windows 11 , 64 bit Build 22621 (10.0.22621.3085)
OS uptime: 8 days 2:44 hours

CPU: total 6 (initial active 6) (6 cores per cpu, 1 threads per core) family 23 model 96 stepping 1 microcode 0x0, cx8, cmov, fxsr, mmx, 3dnowpref, sse, sse2, sse3, ssse3, sse4a, sse4.1, sse4.2, popcnt, lzcnt, tsc, tscinvbit, avx, avx2, aes, clmul, bmi1, bmi2, adx, sha, fma, vzeroupper, clflush, clflushopt

Memory: 4k page, system-wide physical 7579M (776M free)
TotalPageFile size 31131M (AvailPageFile size 0M)
current process WorkingSet (physical memory assigned to process): 69M, peak: 69M
current process commit charge ("private bytes"): 214M, peak: 214M

vm_info: Java HotSpot(TM) 64-Bit Server VM (18.0.2+9-61) for windows-amd64 JRE (18.0.2+9-61), built on Jun  7 2022 13:09:01 by "mach5one" with MS VC++ 16.8 / 16.9 (VS2019)

END.
